<?xml version="1.0" encoding="UTF-8"?>
<testsuite name="com.heb.enterprise.coms.dispatchcontroller.util.SpringApplicationContextTest" tests="4" skipped="0" failures="0" errors="0" timestamp="2017-03-29T18:15:40" hostname="LTUS47790" time="0.25">
  <properties/>
  <testcase name="testSetApplicationContext_1" classname="com.heb.enterprise.coms.dispatchcontroller.util.SpringApplicationContextTest" time="0.247"/>
  <testcase name="testSetApplicationContext_2" classname="com.heb.enterprise.coms.dispatchcontroller.util.SpringApplicationContextTest" time="0.0"/>
  <testcase name="testGetBean_1" classname="com.heb.enterprise.coms.dispatchcontroller.util.SpringApplicationContextTest" time="0.001"/>
  <testcase name="testRefresh_1" classname="com.heb.enterprise.coms.dispatchcontroller.util.SpringApplicationContextTest" time="0.002"/>
  <system-out><![CDATA[]]></system-out>
  <system-err><![CDATA[SLF4J: Class path contains multiple SLF4J bindings.
SLF4J: Found binding in [jar:file:/C:/Users/265857/.gradle/caches/modules-2/files-2.1/org.slf4j/slf4j-log4j12/1.6.3/3675182d86eac13789e56b08eb674269b7c7e5e/slf4j-log4j12-1.6.3.jar!/org/slf4j/impl/StaticLoggerBinder.class]
SLF4J: Found binding in [jar:file:/C:/Users/265857/.m2/repository/ch/qos/logback/logback-classic/1.1.3/logback-classic-1.1.3.jar!/org/slf4j/impl/StaticLoggerBinder.class]
SLF4J: See http://www.slf4j.org/codes.html#multiple_bindings for an explanation.
SLF4J: Actual binding is of type [org.slf4j.impl.Log4jLoggerFactory]
]]></system-err>
</testsuite>
