<?xml version="1.0" encoding="UTF-8"?>
<testsuite name="com.heb.enterprise.coms.dispatchcontroller.util.DispatcherCtrlConstanstsTest" tests="1" skipped="0" failures="0" errors="0" timestamp="2017-03-29T18:15:40" hostname="LTUS47790" time="0.01">
  <properties/>
  <testcase name="testDispatcherCtrlConstansts" classname="com.heb.enterprise.coms.dispatchcontroller.util.DispatcherCtrlConstanstsTest" time="0.01"/>
  <system-out><![CDATA[]]></system-out>
  <system-err><![CDATA[]]></system-err>
</testsuite>
